Operating system: Microsoft Windows NT 6.2.9200.0
Opening INI file "C:\Users\min3r\OneDrive\Documents\GitHub\sonic-1-github-madness\Sonic 1 2005 INIs\SonLVL.ini"...
Game type is S1.
Loading Labyrinth Zone Act 1...
Loading palette file "../pallet/sonic.bin"...
Source: 0 Destination: 0 Length: 16
Loading 16x16 blocks from file "../map16/lz.bin", using compression Enigma...
Loading 256x256 chunks from file "../map256/lz.bin", using compression Kosinski...
Loading 8x8 tiles from file "../artnem/8x8lz.bin", using compression Nemesis...
Loading palette file "../pallet/lz.bin"...
Source: 0 Destination: 16 Length: 48
Loading palette file "../pallet/lz_uw.bin"...
Source: 0 Destination: 0 Length: 64
Loading FG layout from file "../levels/lz1.bin", using compression Uncompressed...
Loading BG layout from file "../levels/lzbg.bin", using compression Uncompressed...
Loading FG layout from file "../levels/lz2.bin", using compression Uncompressed...
Loading FG layout from file "../levels/lz3.bin", using compression Uncompressed...
Loading FG layout from file "../levels/sbz3.bin", using compression Uncompressed...
Loading object definition file "obj.ini".
Loading object definition file "objLZ.ini".
Loading ObjectDefinition type S1ObjectDefinitions.Common.Ring from "Common\Ring.cs"...
Loading type from cached assembly "dllcache\S1ObjectDefinitions.Common.Ring.dll"...
Loading ObjectDefinition type S1ObjectDefinitions.Common.InvisibleBlock from "Common\InvisibleBlock.cs"...
Loading type from cached assembly "dllcache\S1ObjectDefinitions.Common.InvisibleBlock.dll"...
Loading ObjectDefinition type S1ObjectDefinitions.LZ.Spikeball from "LZ\Spikeball.cs"...
Loading type from cached assembly "dllcache\S1ObjectDefinitions.LZ.Spikeball.dll"...
Loading type from cached assembly "dllcache\S1ObjectDefinitions.LZ.Bubbles.dll"...
Loading objects from file "../objpos/lz1.bin", using compression Uncompressed...
Loading start position "Level Start" from file "../misc/sloc_lev.bin"...
Drawing block bitmaps...
Drawing chunk bitmaps...
Level loaded in 0.9936464 second(s).
Load completed.
Loading Green Hill Zone Act 2...
Loading palette file "../pallet/sonic.bin"...
Source: 0 Destination: 0 Length: 16
Loading 8x8 tiles from file "../artnem/8x8ghz1.bin", using compression Nemesis...
Loading FG layout from file "../levels/ghz2.bin", using compression Uncompressed...
Loading 256x256 chunks from file "../map256/ghz.bin", using compression Kosinski...
Loading palette file "../pallet/ghz2.bin"...
Source: 0 Destination: 16 Length: 48
Loading 16x16 blocks from file "../map16/ghz.bin", using compression Enigma...
Loading BG layout from file "../levels/ghzbg.bin", using compression Uncompressed...
Loading 8x8 tiles from file "../artnem/8x8ghz2.bin", using compression Nemesis...
Loading FG layout from file "../levels/ghz1.bin", using compression Uncompressed...
Loading FG layout from file "../levels/ghz3.bin", using compression Uncompressed...
Loading FG layout from file "../levels/ending.bin", using compression Uncompressed...
Loading object definition file "obj.ini".
Loading object definition file "objGHZ.ini".
Loading ObjectDefinition type S1ObjectDefinitions.Common.Ring from "Common\Ring.cs"...
Loading type from cached assembly "dllcache\S1ObjectDefinitions.Common.Ring.dll"...
Loading ObjectDefinition type S1ObjectDefinitions.Common.InvisibleBlock from "Common\InvisibleBlock.cs"...
Loading type from cached assembly "dllcache\S1ObjectDefinitions.Common.InvisibleBlock.dll"...
Loading ObjectDefinition type S1ObjectDefinitions.GHZ.Bridge from "GHZ\Bridge.cs"...
Loading type from cached assembly "dllcache\S1ObjectDefinitions.GHZ.Bridge.dll"...
Loading ObjectDefinition type S1ObjectDefinitions.GHZ.SwingingPlatform from "GHZ\SwingingPlatform.cs"...
Loading type from cached assembly "dllcache\S1ObjectDefinitions.GHZ.SwingingPlatform.dll"...
Loading ObjectDefinition type S1ObjectDefinitions.GHZ.SpikedPole from "GHZ\SpikedPole.cs"...
Loading type from cached assembly "dllcache\S1ObjectDefinitions.GHZ.SpikedPole.dll"...
Loading start position "Level Start" from file "../misc/sloc_lev.bin"...
Loading objects from file "../objpos/ghz2.bin", using compression Uncompressed...
Drawing block bitmaps...
Drawing chunk bitmaps...
Level loaded in 0.7306957 second(s).
Load completed.
Loading Green Hill Zone Act 3...
Loading palette file "../pallet/sonic.bin"...
Source: 0 Destination: 0 Length: 16
Loading FG layout from file "../levels/ghz3.bin", using compression Uncompressed...
Loading 16x16 blocks from file "../map16/ghz.bin", using compression Enigma...
Loading 8x8 tiles from file "../artnem/8x8ghz1.bin", using compression Nemesis...
Loading 256x256 chunks from file "../map256/ghz.bin", using compression Kosinski...
Loading palette file "../pallet/ghz3.bin"...
Source: 0 Destination: 16 Length: 48
Loading BG layout from file "../levels/ghzbg.bin", using compression Uncompressed...
Loading FG layout from file "../levels/ghz1.bin", using compression Uncompressed...
Loading 8x8 tiles from file "../artnem/8x8ghz2.bin", using compression Nemesis...
Loading FG layout from file "../levels/ghz2.bin", using compression Uncompressed...
Loading FG layout from file "../levels/ending.bin", using compression Uncompressed...
Loading object definition file "obj.ini".
Loading object definition file "objGHZ.ini".
Loading ObjectDefinition type S1ObjectDefinitions.Common.Ring from "Common\Ring.cs"...
Loading type from cached assembly "dllcache\S1ObjectDefinitions.Common.Ring.dll"...
Loading ObjectDefinition type S1ObjectDefinitions.Common.InvisibleBlock from "Common\InvisibleBlock.cs"...
Loading type from cached assembly "dllcache\S1ObjectDefinitions.Common.InvisibleBlock.dll"...
Loading ObjectDefinition type S1ObjectDefinitions.GHZ.Bridge from "GHZ\Bridge.cs"...
Loading type from cached assembly "dllcache\S1ObjectDefinitions.GHZ.Bridge.dll"...
Loading ObjectDefinition type S1ObjectDefinitions.GHZ.SwingingPlatform from "GHZ\SwingingPlatform.cs"...
Loading type from cached assembly "dllcache\S1ObjectDefinitions.GHZ.SwingingPlatform.dll"...
Loading ObjectDefinition type S1ObjectDefinitions.GHZ.SpikedPole from "GHZ\SpikedPole.cs"...
Loading type from cached assembly "dllcache\S1ObjectDefinitions.GHZ.SpikedPole.dll"...
Loading objects from file "../objpos/ghz3.bin", using compression Uncompressed...
Loading start position "Level Start" from file "../misc/sloc_lev.bin"...
Drawing block bitmaps...
Drawing chunk bitmaps...
Level loaded in 0.3676658 second(s).
Load completed.
Saving Green Hill Zone Act 3...
Saving Green Hill Zone Act 3...
Unable to write file "../levels/ghz3.bin" with compression Uncompressed:
System.AggregateException: One or more errors occurred. ---> System.IO.IOException: The process cannot access the file 'C:\Users\min3r\OneDrive\Documents\GitHub\sonic-1-github-madness\levels\ghz3.bin' because it is being used by another process.
   at System.IO.__Error.WinIOError(Int32 errorCode, String maybeFullPath)
   at System.IO.FileStream.Init(String path, FileMode mode, FileAccess access, Int32 rights, Boolean useRights, FileShare share, Int32 bufferSize, FileOptions options, SECURITY_ATTRIBUTES secAttrs, String msgPath, Boolean bFromProxy, Boolean useLongPath, Boolean checkHost)
   at System.IO.FileStream..ctor(String path, FileMode mode, FileAccess access, FileShare share, Int32 bufferSize, FileOptions options, String msgPath, Boolean bFromProxy, Boolean useLongPath, Boolean checkHost)
   at System.IO.File.InternalWriteAllBytes(String path, Byte[] bytes, Boolean checkHost)
   at System.IO.File.WriteAllBytes(String path, Byte[] bytes)
   at SonicRetro.SonLVL.API.Compression.Compress(Byte[] file, String destination, CompressionType cmp) in E:\Programs\SonLVL\SonLVLAPI\Compression.cs:line 110
   at SonicRetro.SonLVL.API.LayoutFormatSeparate.WriteFG(LayoutData layout, CompressionType compression, String filename) in E:\Programs\SonLVL\SonLVLAPI\LayoutFormat.cs:line 197
   at SonicRetro.SonLVL.API.LevelData.SaveLevelLayout() in E:\Programs\SonLVL\SonLVLAPI\LevelData.cs:line 1085
   at System.Threading.Tasks.Parallel.<>c__DisplayClass4_0.<Invoke>b__0()
   --- End of inner exception stack trace ---
   at System.Threading.Tasks.Parallel.Invoke(ParallelOptions parallelOptions, Action[] actions)
   at SonicRetro.SonLVL.API.LevelData.SaveLevel() in E:\Programs\SonLVL\SonLVLAPI\LevelData.cs:line 962
   at SonicRetro.SonLVL.GUI.MainForm.saveToolStripMenuItem_Click(Object sender, EventArgs e) in E:\Programs\SonLVL\SonLVL\MainForm.cs:line 912
   at SonicRetro.SonLVL.GUI.MainForm.buildAndRunToolStripMenuItem_Click(Object sender, EventArgs e) in E:\Programs\SonLVL\SonLVL\MainForm.cs:line 948
   at System.Windows.Forms.ToolStripItem.RaiseEvent(Object key, EventArgs e)
   at System.Windows.Forms.ToolStripMenuItem.OnClick(EventArgs e)
   at System.Windows.Forms.ToolStripItem.HandleClick(EventArgs e)
   at System.Windows.Forms.ToolStripItem.HandleMouseUp(MouseEventArgs e)
   at System.Windows.Forms.ToolStripItem.FireEventInteractive(EventArgs e, ToolStripItemEventType met)
   at System.Windows.Forms.ToolStripItem.FireEvent(EventArgs e, ToolStripItemEventType met)
   at System.Windows.Forms.ToolStrip.OnMouseUp(MouseEventArgs mea)
   at System.Windows.Forms.ToolStripDropDown.OnMouseUp(MouseEventArgs mea)
   at System.Windows.Forms.Control.WmMouseUp(Message& m, MouseButtons button, Int32 clicks)
   at System.Windows.Forms.Control.WndProc(Message& m)
   at System.Windows.Forms.ScrollableControl.WndProc(Message& m)
   at System.Windows.Forms.ToolStrip.WndProc(Message& m)
   at System.Windows.Forms.ToolStripDropDown.WndProc(Message& m)
   at System.Windows.Forms.Control.ControlNativeWindow.OnMessage(Message& m)
   at System.Windows.Forms.Control.ControlNativeWindow.WndProc(Message& m)
   at System.Windows.Forms.NativeWindow.Callback(IntPtr hWnd, Int32 msg, IntPtr wparam, IntPtr lparam)
---> (Inner Exception #0) System.IO.IOException: The process cannot access the file 'C:\Users\min3r\OneDrive\Documents\GitHub\sonic-1-github-madness\levels\ghz3.bin' because it is being used by another process.
   at System.IO.__Error.WinIOError(Int32 errorCode, String maybeFullPath)
   at System.IO.FileStream.Init(String path, FileMode mode, FileAccess access, Int32 rights, Boolean useRights, FileShare share, Int32 bufferSize, FileOptions options, SECURITY_ATTRIBUTES secAttrs, String msgPath, Boolean bFromProxy, Boolean useLongPath, Boolean checkHost)
   at System.IO.FileStream..ctor(String path, FileMode mode, FileAccess access, FileShare share, Int32 bufferSize, FileOptions options, String msgPath, Boolean bFromProxy, Boolean useLongPath, Boolean checkHost)
   at System.IO.File.InternalWriteAllBytes(String path, Byte[] bytes, Boolean checkHost)
   at System.IO.File.WriteAllBytes(String path, Byte[] bytes)
   at SonicRetro.SonLVL.API.Compression.Compress(Byte[] file, String destination, CompressionType cmp) in E:\Programs\SonLVL\SonLVLAPI\Compression.cs:line 110
   at SonicRetro.SonLVL.API.LayoutFormatSeparate.WriteFG(LayoutData layout, CompressionType compression, String filename) in E:\Programs\SonLVL\SonLVLAPI\LayoutFormat.cs:line 197
   at SonicRetro.SonLVL.API.LevelData.SaveLevelLayout() in E:\Programs\SonLVL\SonLVLAPI\LevelData.cs:line 1085
   at System.Threading.Tasks.Parallel.<>c__DisplayClass4_0.<Invoke>b__0()<---

Saving Green Hill Zone Act 3...
Saving Green Hill Zone Act 3...
Saving Green Hill Zone Act 3...
Saving Green Hill Zone Act 3...
System.AggregateException: One or more errors occurred. ---> System.IO.IOException: The process cannot access the file 'C:\Users\min3r\OneDrive\Documents\GitHub\sonic-1-github-madness\misc\sloc_lev.bin' because it is being used by another process.
   at System.IO.__Error.WinIOError(Int32 errorCode, String maybeFullPath)
   at System.IO.FileStream.Init(String path, FileMode mode, FileAccess access, Int32 rights, Boolean useRights, FileShare share, Int32 bufferSize, FileOptions options, SECURITY_ATTRIBUTES secAttrs, String msgPath, Boolean bFromProxy, Boolean useLongPath, Boolean checkHost)
   at System.IO.FileStream..ctor(String path, FileMode mode, FileAccess access, FileShare share, Int32 bufferSize, FileOptions options, String msgPath, Boolean bFromProxy, Boolean useLongPath, Boolean checkHost)
   at System.IO.File.InternalWriteAllBytes(String path, Byte[] bytes, Boolean checkHost)
   at System.IO.File.WriteAllBytes(String path, Byte[] bytes)
   at SonicRetro.SonLVL.API.LevelData.SaveLevelStartPositions() in E:\Programs\SonLVL\SonLVLAPI\LevelData.cs:line 1203
   at System.Threading.Tasks.Parallel.<>c__DisplayClass4_0.<Invoke>b__0()
   --- End of inner exception stack trace ---
   at System.Threading.Tasks.Parallel.Invoke(ParallelOptions parallelOptions, Action[] actions)
   at SonicRetro.SonLVL.API.LevelData.SaveLevel() in E:\Programs\SonLVL\SonLVLAPI\LevelData.cs:line 962
   at SonicRetro.SonLVL.GUI.MainForm.saveToolStripMenuItem_Click(Object sender, EventArgs e) in E:\Programs\SonLVL\SonLVL\MainForm.cs:line 912
   at SonicRetro.SonLVL.GUI.MainForm.buildAndRunToolStripMenuItem_Click(Object sender, EventArgs e) in E:\Programs\SonLVL\SonLVL\MainForm.cs:line 948
   at System.Windows.Forms.ToolStripItem.RaiseEvent(Object key, EventArgs e)
   at System.Windows.Forms.ToolStripMenuItem.OnClick(EventArgs e)
   at System.Windows.Forms.ToolStripItem.HandleClick(EventArgs e)
   at System.Windows.Forms.ToolStripItem.HandleMouseUp(MouseEventArgs e)
   at System.Windows.Forms.ToolStripItem.FireEventInteractive(EventArgs e, ToolStripItemEventType met)
   at System.Windows.Forms.ToolStripItem.FireEvent(EventArgs e, ToolStripItemEventType met)
   at System.Windows.Forms.ToolStrip.OnMouseUp(MouseEventArgs mea)
   at System.Windows.Forms.ToolStripDropDown.OnMouseUp(MouseEventArgs mea)
   at System.Windows.Forms.Control.WmMouseUp(Message& m, MouseButtons button, Int32 clicks)
   at System.Windows.Forms.Control.WndProc(Message& m)
   at System.Windows.Forms.ScrollableControl.WndProc(Message& m)
   at System.Windows.Forms.ToolStrip.WndProc(Message& m)
   at System.Windows.Forms.ToolStripDropDown.WndProc(Message& m)
   at System.Windows.Forms.Control.ControlNativeWindow.OnMessage(Message& m)
   at System.Windows.Forms.Control.ControlNativeWindow.WndProc(Message& m)
   at System.Windows.Forms.NativeWindow.Callback(IntPtr hWnd, Int32 msg, IntPtr wparam, IntPtr lparam)
---> (Inner Exception #0) System.IO.IOException: The process cannot access the file 'C:\Users\min3r\OneDrive\Documents\GitHub\sonic-1-github-madness\misc\sloc_lev.bin' because it is being used by another process.
   at System.IO.__Error.WinIOError(Int32 errorCode, String maybeFullPath)
   at System.IO.FileStream.Init(String path, FileMode mode, FileAccess access, Int32 rights, Boolean useRights, FileShare share, Int32 bufferSize, FileOptions options, SECURITY_ATTRIBUTES secAttrs, String msgPath, Boolean bFromProxy, Boolean useLongPath, Boolean checkHost)
   at System.IO.FileStream..ctor(String path, FileMode mode, FileAccess access, FileShare share, Int32 bufferSize, FileOptions options, String msgPath, Boolean bFromProxy, Boolean useLongPath, Boolean checkHost)
   at System.IO.File.InternalWriteAllBytes(String path, Byte[] bytes, Boolean checkHost)
   at System.IO.File.WriteAllBytes(String path, Byte[] bytes)
   at SonicRetro.SonLVL.API.LevelData.SaveLevelStartPositions() in E:\Programs\SonLVL\SonLVLAPI\LevelData.cs:line 1203
   at System.Threading.Tasks.Parallel.<>c__DisplayClass4_0.<Invoke>b__0()<---

Saving Green Hill Zone Act 3...
Saving Green Hill Zone Act 3...
Saving Green Hill Zone Act 3...
Saving Green Hill Zone Act 3...
Loading Star Light Zone Act 2...
Loading palette file "../pallet/sonic.bin"...
Source: 0 Destination: 0 Length: 16
Loading 8x8 tiles from file "../artnem/8x8slz.bin", using compression Nemesis...
Loading 16x16 blocks from file "../map16/slz.bin", using compression Enigma...
Loading FG layout from file "../levels/slz2.bin", using compression Uncompressed...
Loading palette file "../pallet/slz2.bin"...
Source: 0 Destination: 16 Length: 48
Loading 256x256 chunks from file "../map256/slz.bin", using compression Kosinski...
Loading BG layout from file "../levels/slzbg.bin", using compression Uncompressed...
Loading FG layout from file "../levels/slz1.bin", using compression Uncompressed...
Loading FG layout from file "../levels/slz3.bin", using compression Uncompressed...
Loading object definition file "obj.ini".
Loading object definition file "objSLZ.ini".
Loading ObjectDefinition type S1ObjectDefinitions.Common.Ring from "Common\Ring.cs"...
Loading type from cached assembly "dllcache\S1ObjectDefinitions.Common.Ring.dll"...
Loading ObjectDefinition type S1ObjectDefinitions.Common.InvisibleBlock from "Common\InvisibleBlock.cs"...
Loading ObjectDefinition type S1ObjectDefinitions.SLZ.SwingingPlatform from "SLZ\SwingingPlatform.cs"...
Loading type from cached assembly "dllcache\S1ObjectDefinitions.SLZ.SwingingPlatform.dll"...
Loading type from cached assembly "dllcache\S1ObjectDefinitions.Common.InvisibleBlock.dll"...
Loading type from cached assembly "dllcache\S1ObjectDefinitions.SLZ.Elevator.dll"...
Loading start position "Level Start" from file "../misc/sloc_lev.bin"...
Loading objects from file "../objpos/slz2.bin", using compression Uncompressed...
Drawing block bitmaps...
Drawing chunk bitmaps...
Level loaded in 0.2884342 second(s).
Load completed.
Saving Star Light Zone Act 2...
Saving Star Light Zone Act 2...
Saving Star Light Zone Act 2...
Loading Scrap Brain Zone Act 3...
Loading palette file "../pallet/sonic.bin"...
Source: 0 Destination: 0 Length: 16
Loading 8x8 tiles from file "../artnem/8x8lz.bin", using compression Nemesis...
Loading 256x256 chunks from file "../map256/lz.bin", using compression Kosinski...
Loading FG layout from file "../levels/sbz3.bin", using compression Uncompressed...
Loading 16x16 blocks from file "../map16/lz.bin", using compression Enigma...
Loading palette file "../pallet/sbz_act3.bin"...
Source: 0 Destination: 16 Length: 48
Loading BG layout from file "../levels/lzbg.bin", using compression Uncompressed...
Loading palette file "../pallet/sbz_a3uw.bin"...
Source: 0 Destination: 0 Length: 64
Loading FG layout from file "../levels/lz1.bin", using compression Uncompressed...
Loading FG layout from file "../levels/lz2.bin", using compression Uncompressed...
Loading FG layout from file "../levels/lz3.bin", using compression Uncompressed...
Loading object definition file "obj.ini".
Loading object definition file "objLZ.ini".
Loading ObjectDefinition type S1ObjectDefinitions.Common.Ring from "Common\Ring.cs"...
Loading type from cached assembly "dllcache\S1ObjectDefinitions.Common.Ring.dll"...
Loading ObjectDefinition type S1ObjectDefinitions.Common.InvisibleBlock from "Common\InvisibleBlock.cs"...
Loading type from cached assembly "dllcache\S1ObjectDefinitions.Common.InvisibleBlock.dll"...
Loading type from cached assembly "dllcache\S1ObjectDefinitions.LZ.Bubbles.dll"...
Loading ObjectDefinition type S1ObjectDefinitions.LZ.Spikeball from "LZ\Spikeball.cs"...
Loading type from cached assembly "dllcache\S1ObjectDefinitions.LZ.Spikeball.dll"...
Loading start position "Level Start" from file "../misc/sloc_lev.bin"...
Loading objects from file "../objpos/sbz3.bin", using compression Uncompressed...
Drawing block bitmaps...
Drawing chunk bitmaps...
Level loaded in 0.310742 second(s).
Load completed.
Saving Scrap Brain Zone Act 3...
Loading Scrap Brain Zone Act 2...
Loading 16x16 blocks from file "../map16/sbz.bin", using compression Enigma...
Loading palette file "../pallet/sonic.bin"...
Source: 0 Destination: 0 Length: 16
Loading 8x8 tiles from file "../artnem/8x8sbz.bin", using compression Nemesis...
Loading FG layout from file "../levels/sbz2.bin", using compression Uncompressed...
Loading 256x256 chunks from file "../map256/sbz.bin", using compression Kosinski...
Loading palette file "../pallet/sbz_act2.bin"...
Source: 0 Destination: 16 Length: 48
Loading BG layout from file "../levels/sbz2bg.bin", using compression Uncompressed...
Loading FG layout from file "../levels/sbz1.bin", using compression Uncompressed...
Loading BG layout from file "../levels/sbz1bg.bin", using compression Uncompressed...
Loading object definition file "obj.ini".
Loading object definition file "objSBZ.ini".
Loading ObjectDefinition type S1ObjectDefinitions.Common.Ring from "Common\Ring.cs"...
Loading type from cached assembly "dllcache\S1ObjectDefinitions.Common.Ring.dll"...
Loading ObjectDefinition type S1ObjectDefinitions.Common.InvisibleBlock from "Common\InvisibleBlock.cs"...
Loading type from cached assembly "dllcache\S1ObjectDefinitions.Common.InvisibleBlock.dll"...
Loading ObjectDefinition type S1ObjectDefinitions.SBZ.SwingingSpikeball from "SBZ\SwingingSpikeball.cs"...
Loading type from cached assembly "dllcache\S1ObjectDefinitions.SBZ.SwingingSpikeball.dll"...
Loading ObjectDefinition type S1ObjectDefinitions.SBZ.Flamethrower from "SBZ\Flamethrower.cs"...
Loading type from cached assembly "dllcache\S1ObjectDefinitions.SBZ.Flamethrower.dll"...
Loading objects from file "../objpos/sbz2.bin", using compression Uncompressed...
Loading start position "Level Start" from file "../misc/sloc_lev.bin"...
Loading start position "Credits Demo" from file "../misc/sloc_end.bin"...
Drawing block bitmaps...
Drawing chunk bitmaps...
Level loaded in 0.4834202 second(s).
Load completed.
Loading Scrap Brain Zone Act 3...
Loading palette file "../pallet/sonic.bin"...
Source: 0 Destination: 0 Length: 16
Loading 16x16 blocks from file "../map16/lz.bin", using compression Enigma...
Loading 256x256 chunks from file "../map256/lz.bin", using compression Kosinski...
Loading 8x8 tiles from file "../artnem/8x8lz.bin", using compression Nemesis...
Loading FG layout from file "../levels/sbz3.bin", using compression Uncompressed...
Loading palette file "../pallet/sbz_act3.bin"...
Source: 0 Destination: 16 Length: 48
Loading BG layout from file "../levels/lzbg.bin", using compression Uncompressed...
Loading palette file "../pallet/sbz_a3uw.bin"...
Source: 0 Destination: 0 Length: 64
Loading FG layout from file "../levels/lz1.bin", using compression Uncompressed...
Loading FG layout from file "../levels/lz2.bin", using compression Uncompressed...
Loading FG layout from file "../levels/lz3.bin", using compression Uncompressed...
Loading object definition file "obj.ini".
Loading object definition file "objLZ.ini".
Loading ObjectDefinition type S1ObjectDefinitions.Common.Ring from "Common\Ring.cs"...
Loading type from cached assembly "dllcache\S1ObjectDefinitions.Common.Ring.dll"...
Loading ObjectDefinition type S1ObjectDefinitions.Common.InvisibleBlock from "Common\InvisibleBlock.cs"...
Loading type from cached assembly "dllcache\S1ObjectDefinitions.Common.InvisibleBlock.dll"...
Loading ObjectDefinition type S1ObjectDefinitions.LZ.Spikeball from "LZ\Spikeball.cs"...
Loading type from cached assembly "dllcache\S1ObjectDefinitions.LZ.Spikeball.dll"...
Loading type from cached assembly "dllcache\S1ObjectDefinitions.LZ.Bubbles.dll"...
Loading start position "Level Start" from file "../misc/sloc_lev.bin"...
Loading objects from file "../objpos/sbz3.bin", using compression Uncompressed...
Drawing block bitmaps...
Drawing chunk bitmaps...
Level loaded in 0.3301531 second(s).
Load completed.
Saving Scrap Brain Zone Act 3...
Loading Labyrinth Zone Act 3...
Loading palette file "../pallet/sonic.bin"...
Source: 0 Destination: 0 Length: 16
Loading FG layout from file "../levels/lz3.bin", using compression Uncompressed...
Loading 16x16 blocks from file "../map16/lz.bin", using compression Enigma...
Loading 8x8 tiles from file "../artnem/8x8lz.bin", using compression Nemesis...
Loading 256x256 chunks from file "../map256/lz.bin", using compression Kosinski...
Loading BG layout from file "../levels/lzbg.bin", using compression Uncompressed...
Loading palette file "../pallet/lz.bin"...
Source: 0 Destination: 16 Length: 48
Loading palette file "../pallet/lz_uw.bin"...
Source: 0 Destination: 0 Length: 64
Loading FG layout from file "../levels/lz1.bin", using compression Uncompressed...
Loading FG layout from file "../levels/lz2.bin", using compression Uncompressed...
Loading FG layout from file "../levels/sbz3.bin", using compression Uncompressed...
Loading object definition file "obj.ini".
Loading object definition file "objLZ.ini".
Loading ObjectDefinition type S1ObjectDefinitions.Common.InvisibleBlock from "Common\InvisibleBlock.cs"...
Loading type from cached assembly "dllcache\S1ObjectDefinitions.Common.InvisibleBlock.dll"...
Loading ObjectDefinition type S1ObjectDefinitions.LZ.Spikeball from "LZ\Spikeball.cs"...
Loading type from cached assembly "dllcache\S1ObjectDefinitions.LZ.Spikeball.dll"...
Loading type from cached assembly "dllcache\S1ObjectDefinitions.LZ.Bubbles.dll"...
Loading ObjectDefinition type S1ObjectDefinitions.Common.Ring from "Common\Ring.cs"...
Loading type from cached assembly "dllcache\S1ObjectDefinitions.Common.Ring.dll"...
Loading start position "Level Start" from file "../misc/sloc_lev.bin"...
Loading objects from file "../objpos/lz3.bin", using compression Uncompressed...
Loading start position "Credits Demo" from file "../misc/sloc_end.bin"...
Drawing block bitmaps...
Drawing chunk bitmaps...
Level loaded in 0.3541514 second(s).
Load completed.
Saving Labyrinth Zone Act 3...
Saving Labyrinth Zone Act 3...
Unable to write file "../collide/carray_n.bin" with compression Uncompressed:
System.AggregateException: One or more errors occurred. ---> System.IO.IOException: The process cannot access the file 'C:\Users\min3r\OneDrive\Documents\GitHub\sonic-1-github-madness\collide\carray_n.bin' because it is being used by another process.
   at System.IO.__Error.WinIOError(Int32 errorCode, String maybeFullPath)
   at System.IO.FileStream.Init(String path, FileMode mode, FileAccess access, Int32 rights, Boolean useRights, FileShare share, Int32 bufferSize, FileOptions options, SECURITY_ATTRIBUTES secAttrs, String msgPath, Boolean bFromProxy, Boolean useLongPath, Boolean checkHost)
   at System.IO.FileStream..ctor(String path, FileMode mode, FileAccess access, FileShare share, Int32 bufferSize, FileOptions options, String msgPath, Boolean bFromProxy, Boolean useLongPath, Boolean checkHost)
   at System.IO.File.InternalWriteAllBytes(String path, Byte[] bytes, Boolean checkHost)
   at System.IO.File.WriteAllBytes(String path, Byte[] bytes)
   at SonicRetro.SonLVL.API.Compression.Compress(Byte[] file, String destination, CompressionType cmp) in E:\Programs\SonLVL\SonLVLAPI\Compression.cs:line 110
   at SonicRetro.SonLVL.API.LevelData.SaveLevelColArr1() in E:\Programs\SonLVL\SonLVLAPI\LevelData.cs:line 1265
   at System.Threading.Tasks.Parallel.<>c__DisplayClass4_0.<Invoke>b__0()
   --- End of inner exception stack trace ---
   at System.Threading.Tasks.Parallel.Invoke(ParallelOptions parallelOptions, Action[] actions)
   at SonicRetro.SonLVL.API.LevelData.SaveLevel() in E:\Programs\SonLVL\SonLVLAPI\LevelData.cs:line 962
   at SonicRetro.SonLVL.GUI.MainForm.saveToolStripMenuItem_Click(Object sender, EventArgs e) in E:\Programs\SonLVL\SonLVL\MainForm.cs:line 912
   at System.Windows.Forms.ToolStripItem.RaiseEvent(Object key, EventArgs e)
   at System.Windows.Forms.ToolStripMenuItem.OnClick(EventArgs e)
   at System.Windows.Forms.ToolStripItem.HandleClick(EventArgs e)
   at System.Windows.Forms.ToolStripItem.HandleMouseUp(MouseEventArgs e)
   at System.Windows.Forms.ToolStripItem.FireEventInteractive(EventArgs e, ToolStripItemEventType met)
   at System.Windows.Forms.ToolStripItem.FireEvent(EventArgs e, ToolStripItemEventType met)
   at System.Windows.Forms.ToolStrip.OnMouseUp(MouseEventArgs mea)
   at System.Windows.Forms.ToolStripDropDown.OnMouseUp(MouseEventArgs mea)
   at System.Windows.Forms.Control.WmMouseUp(Message& m, MouseButtons button, Int32 clicks)
   at System.Windows.Forms.Control.WndProc(Message& m)
   at System.Windows.Forms.ScrollableControl.WndProc(Message& m)
   at System.Windows.Forms.ToolStrip.WndProc(Message& m)
   at System.Windows.Forms.ToolStripDropDown.WndProc(Message& m)
   at System.Windows.Forms.Control.ControlNativeWindow.OnMessage(Message& m)
   at System.Windows.Forms.Control.ControlNativeWindow.WndProc(Message& m)
   at System.Windows.Forms.NativeWindow.Callback(IntPtr hWnd, Int32 msg, IntPtr wparam, IntPtr lparam)
---> (Inner Exception #0) System.IO.IOException: The process cannot access the file 'C:\Users\min3r\OneDrive\Documents\GitHub\sonic-1-github-madness\collide\carray_n.bin' because it is being used by another process.
   at System.IO.__Error.WinIOError(Int32 errorCode, String maybeFullPath)
   at System.IO.FileStream.Init(String path, FileMode mode, FileAccess access, Int32 rights, Boolean useRights, FileShare share, Int32 bufferSize, FileOptions options, SECURITY_ATTRIBUTES secAttrs, String msgPath, Boolean bFromProxy, Boolean useLongPath, Boolean checkHost)
   at System.IO.FileStream..ctor(String path, FileMode mode, FileAccess access, FileShare share, Int32 bufferSize, FileOptions options, String msgPath, Boolean bFromProxy, Boolean useLongPath, Boolean checkHost)
   at System.IO.File.InternalWriteAllBytes(String path, Byte[] bytes, Boolean checkHost)
   at System.IO.File.WriteAllBytes(String path, Byte[] bytes)
   at SonicRetro.SonLVL.API.Compression.Compress(Byte[] file, String destination, CompressionType cmp) in E:\Programs\SonLVL\SonLVLAPI\Compression.cs:line 110
   at SonicRetro.SonLVL.API.LevelData.SaveLevelColArr1() in E:\Programs\SonLVL\SonLVLAPI\LevelData.cs:line 1265
   at System.Threading.Tasks.Parallel.<>c__DisplayClass4_0.<Invoke>b__0()<---

Saving Labyrinth Zone Act 3...
Saving Labyrinth Zone Act 3...
Saving Labyrinth Zone Act 3...
Saving Labyrinth Zone Act 3...
Saving Labyrinth Zone Act 3...
Saving Labyrinth Zone Act 3...
Saving Labyrinth Zone Act 3...
Saving Labyrinth Zone Act 3...
Saving Labyrinth Zone Act 3...
Saving Labyrinth Zone Act 3...
Saving Labyrinth Zone Act 3...
Saving Labyrinth Zone Act 3...
Saving Labyrinth Zone Act 3...
System.AggregateException: One or more errors occurred. ---> System.IO.IOException: The process cannot access the file 'C:\Users\min3r\OneDrive\Documents\GitHub\sonic-1-github-madness\pallet\sonic.bin' because it is being used by another process.
   at System.IO.__Error.WinIOError(Int32 errorCode, String maybeFullPath)
   at System.IO.FileStream.Init(String path, FileMode mode, FileAccess access, Int32 rights, Boolean useRights, FileShare share, Int32 bufferSize, FileOptions options, SECURITY_ATTRIBUTES secAttrs, String msgPath, Boolean bFromProxy, Boolean useLongPath, Boolean checkHost)
   at System.IO.FileStream..ctor(String path, FileMode mode, FileAccess access, FileShare share, Int32 bufferSize, FileOptions options, String msgPath, Boolean bFromProxy, Boolean useLongPath, Boolean checkHost)
   at System.IO.File.InternalWriteAllBytes(String path, Byte[] bytes, Boolean checkHost)
   at System.IO.File.WriteAllBytes(String path, Byte[] bytes)
   at SonicRetro.SonLVL.API.LevelData.SaveLevelPalette() in E:\Programs\SonLVL\SonLVLAPI\LevelData.cs:line 1119
   at System.Threading.Tasks.Parallel.<>c__DisplayClass4_0.<Invoke>b__0()
   --- End of inner exception stack trace ---
   at System.Threading.Tasks.Parallel.Invoke(ParallelOptions parallelOptions, Action[] actions)
   at SonicRetro.SonLVL.API.LevelData.SaveLevel() in E:\Programs\SonLVL\SonLVLAPI\LevelData.cs:line 962
   at SonicRetro.SonLVL.GUI.MainForm.saveToolStripMenuItem_Click(Object sender, EventArgs e) in E:\Programs\SonLVL\SonLVL\MainForm.cs:line 912
   at SonicRetro.SonLVL.GUI.MainForm.buildAndRunToolStripMenuItem_Click(Object sender, EventArgs e) in E:\Programs\SonLVL\SonLVL\MainForm.cs:line 948
   at System.Windows.Forms.ToolStripItem.RaiseEvent(Object key, EventArgs e)
   at System.Windows.Forms.ToolStripMenuItem.OnClick(EventArgs e)
   at System.Windows.Forms.ToolStripItem.HandleClick(EventArgs e)
   at System.Windows.Forms.ToolStripItem.HandleMouseUp(MouseEventArgs e)
   at System.Windows.Forms.ToolStripItem.FireEventInteractive(EventArgs e, ToolStripItemEventType met)
   at System.Windows.Forms.ToolStripItem.FireEvent(EventArgs e, ToolStripItemEventType met)
   at System.Windows.Forms.ToolStrip.OnMouseUp(MouseEventArgs mea)
   at System.Windows.Forms.ToolStripDropDown.OnMouseUp(MouseEventArgs mea)
   at System.Windows.Forms.Control.WmMouseUp(Message& m, MouseButtons button, Int32 clicks)
   at System.Windows.Forms.Control.WndProc(Message& m)
   at System.Windows.Forms.ScrollableControl.WndProc(Message& m)
   at System.Windows.Forms.ToolStrip.WndProc(Message& m)
   at System.Windows.Forms.ToolStripDropDown.WndProc(Message& m)
   at System.Windows.Forms.Control.ControlNativeWindow.OnMessage(Message& m)
   at System.Windows.Forms.Control.ControlNativeWindow.WndProc(Message& m)
   at System.Windows.Forms.NativeWindow.Callback(IntPtr hWnd, Int32 msg, IntPtr wparam, IntPtr lparam)
---> (Inner Exception #0) System.IO.IOException: The process cannot access the file 'C:\Users\min3r\OneDrive\Documents\GitHub\sonic-1-github-madness\pallet\sonic.bin' because it is being used by another process.
   at System.IO.__Error.WinIOError(Int32 errorCode, String maybeFullPath)
   at System.IO.FileStream.Init(String path, FileMode mode, FileAccess access, Int32 rights, Boolean useRights, FileShare share, Int32 bufferSize, FileOptions options, SECURITY_ATTRIBUTES secAttrs, String msgPath, Boolean bFromProxy, Boolean useLongPath, Boolean checkHost)
   at System.IO.FileStream..ctor(String path, FileMode mode, FileAccess access, FileShare share, Int32 bufferSize, FileOptions options, String msgPath, Boolean bFromProxy, Boolean useLongPath, Boolean checkHost)
   at System.IO.File.InternalWriteAllBytes(String path, Byte[] bytes, Boolean checkHost)
   at System.IO.File.WriteAllBytes(String path, Byte[] bytes)
   at SonicRetro.SonLVL.API.LevelData.SaveLevelPalette() in E:\Programs\SonLVL\SonLVLAPI\LevelData.cs:line 1119
   at System.Threading.Tasks.Parallel.<>c__DisplayClass4_0.<Invoke>b__0()<---

